0 info it worked if it ends with ok
1 verbose cli [ '/usr/local/bin/node',
1 verbose cli   '/usr/local/lib/node_modules/npm/bin/npm-cli.js',
1 verbose cli   'run-script',
1 verbose cli   'flow' ]
2 info using npm@4.0.5
3 info using node@v6.7.0
4 verbose run-script [ 'preflow', 'flow', 'postflow' ]
5 info lifecycle df-db-builder@0.0.1~preflow: df-db-builder@0.0.1
6 silly lifecycle df-db-builder@0.0.1~preflow: no script for preflow, continuing
7 info lifecycle df-db-builder@0.0.1~flow: df-db-builder@0.0.1
8 verbose lifecycle df-db-builder@0.0.1~flow: unsafe-perm in lifecycle true
9 verbose lifecycle df-db-builder@0.0.1~flow: PATH: /usr/local/lib/node_modules/npm/bin/node-gyp-bin:/Users/tedshaffer/Documents/Projects/dfDBBuilder/node_modules/.bin:/usr/local/share/npm/bin:/Users/tedshaffer/bin:/usr/local/bin:/usr/local/bin:/usr/bin:/bin:/usr/sbin:/sbin:/Users/tedshaffer/Documents/Projects/ionic/android-sdk-macosx/platform-tools:/Users/tedshaffer/Documents/Projects/ionic/android-sdk-macosx/tools
10 verbose lifecycle df-db-builder@0.0.1~flow: CWD: /Users/tedshaffer/Documents/Projects/dfDBBuilder
11 silly lifecycle df-db-builder@0.0.1~flow: Args: [ '-c', 'flow check' ]
12 silly lifecycle df-db-builder@0.0.1~flow: Returned: code: 2  signal: null
13 info lifecycle df-db-builder@0.0.1~flow: Failed to exec flow script
14 verbose stack Error: df-db-builder@0.0.1 flow: `flow check`
14 verbose stack Exit status 2
14 verbose stack     at EventEmitter.<anonymous> (/usr/local/lib/node_modules/npm/lib/utils/lifecycle.js:279:16)
14 verbose stack     at emitTwo (events.js:106:13)
14 verbose stack     at EventEmitter.emit (events.js:191:7)
14 verbose stack     at ChildProcess.<anonymous> (/usr/local/lib/node_modules/npm/lib/utils/spawn.js:40:14)
14 verbose stack     at emitTwo (events.js:106:13)
14 verbose stack     at ChildProcess.emit (events.js:191:7)
14 verbose stack     at maybeClose (internal/child_process.js:877:16)
14 verbose stack     at Process.ChildProcess._handle.onexit (internal/child_process.js:226:5)
15 verbose pkgid df-db-builder@0.0.1
16 verbose cwd /Users/tedshaffer/Documents/Projects/dfDBBuilder
17 error Darwin 15.6.0
18 error argv "/usr/local/bin/node" "/usr/local/lib/node_modules/npm/bin/npm-cli.js" "run-script" "flow"
19 error node v6.7.0
20 error npm  v4.0.5
21 error code ELIFECYCLE
22 error df-db-builder@0.0.1 flow: `flow check`
22 error Exit status 2
23 error Failed at the df-db-builder@0.0.1 flow script 'flow check'.
23 error Make sure you have the latest version of node.js and npm installed.
23 error If you do, this is most likely a problem with the df-db-builder package,
23 error not with npm itself.
23 error Tell the author that this fails on your system:
23 error     flow check
23 error You can get information on how to open an issue for this project with:
23 error     npm bugs df-db-builder
23 error Or if that isn't available, you can get their info via:
23 error     npm owner ls df-db-builder
23 error There is likely additional logging output above.
24 verbose exit [ 1, true ]
